\BOOKMARK [0][-]{chapter.1}{Einleitung}{}% 1
\BOOKMARK [1][-]{section.1.1}{Die Vorteile von Vulkan}{chapter.1}% 2
\BOOKMARK [1][-]{section.1.2}{Die folgenden Kapitel}{chapter.1}% 3
\BOOKMARK [1][-]{section.1.3}{Abh\344ngigkeiten}{chapter.1}% 4
\BOOKMARK [1][-]{section.1.4}{Was wird nicht besprochen}{chapter.1}% 5
\BOOKMARK [0][-]{chapter.2}{Interagieren mit der Grafikkarte}{}% 6
\BOOKMARK [1][-]{section.2.1}{Erstellen einer VkInstance}{chapter.2}% 7
\BOOKMARK [1][-]{section.2.2}{Ausw\344hlen eines physical device}{chapter.2}% 8
\BOOKMARK [1][-]{section.2.3}{Erstellen eines logical device}{chapter.2}% 9
\BOOKMARK [0][-]{chapter.3}{Validation Layers}{}% 10
\BOOKMARK [1][-]{section.3.1}{Hinzuf\374gen von Validation Layers}{chapter.3}% 11
\BOOKMARK [0][-]{chapter.4}{Die Swapchain}{}% 12
\BOOKMARK [1][-]{section.4.1}{Erstellen eines Surface}{chapter.4}% 13
\BOOKMARK [1][-]{section.4.2}{Erstellen der Swapchain}{chapter.4}% 14
\BOOKMARK [0][-]{chapter.5}{Die Grafikpipeline}{}% 15
\BOOKMARK [1][-]{section.5.1}{Erstellen der Grafikpipeline}{chapter.5}% 16
\BOOKMARK [2][-]{subsection.5.1.1}{Erstellen eines RenderPass Objekts}{section.5.1}% 17
\BOOKMARK [2][-]{subsection.5.1.2}{Erstellen der restlichen Grafikpipeline}{section.5.1}% 18
\BOOKMARK [0][-]{chapter.6}{Frame- und Commandbuffers}{}% 19
\BOOKMARK [0][-]{chapter.7}{Das Dreieck}{}% 20
